TN:
SF:src\app.ts
FN:19,(anonymous_1)
FN:49,(anonymous_2)
FNF:2
FNH:1
FNDA:2,(anonymous_1)
FNDA:0,(anonymous_2)
DA:1,1
DA:2,1
DA:3,1
DA:4,1
DA:5,1
DA:6,1
DA:7,1
DA:8,1
DA:9,1
DA:10,1
DA:11,1
DA:12,1
DA:15,1
DA:17,1
DA:18,1
DA:19,1
DA:20,2
DA:23,1
DA:24,1
DA:30,1
DA:31,1
DA:32,1
DA:34,1
DA:41,1
DA:43,1
DA:45,1
DA:47,1
DA:49,1
DA:50,0
DA:58,1
DA:59,1
DA:61,1
LF:32
LH:31
BRDA:20,0,0,0
BRF:1
BRH:0
end_of_record
TN:
SF:src\config\database.ts
FN:22,(anonymous_0)
FN:26,(anonymous_1)
FN:30,query
FN:51,getClient
FN:55,withTransaction
FN:72,testConnection
FNF:6
FNH:1
FNDA:0,(anonymous_0)
FNDA:0,(anonymous_1)
FNDA:1,query
FNDA:0,getClient
FNDA:0,withTransaction
FNDA:0,testConnection
DA:1,1
DA:2,1
DA:3,1
DA:5,1
DA:15,1
DA:22,1
DA:23,0
DA:26,1
DA:27,0
DA:30,1
DA:34,1
DA:35,1
DA:36,1
DA:37,0
DA:38,0
DA:39,0
DA:41,0
DA:43,1
DA:47,1
DA:51,1
DA:52,0
DA:55,1
DA:58,0
DA:59,0
DA:60,0
DA:61,0
DA:62,0
DA:63,0
DA:65,0
DA:66,0
DA:68,0
DA:72,1
DA:73,0
DA:74,0
DA:75,0
DA:76,0
DA:78,0
DA:81,0
LF:38
LH:16
BRDA:5,0,0,0
BRDA:5,0,1,1
BRDA:38,1,0,0
BRDA:45,2,0,1
BRDA:45,2,1,0
BRDA:79,3,0,0
BRDA:79,3,1,0
BRF:7
BRH:2
end_of_record
TN:
SF:src\config\env.ts
FN:5,requireEnv
FNF:1
FNH:1
FNDA:1,requireEnv
DA:1,1
DA:3,1
DA:6,1
DA:7,1
DA:8,0
DA:10,1
DA:13,1
LF:7
LH:6
BRDA:6,0,0,1
BRDA:6,0,1,0
BRDA:7,1,0,0
BRDA:14,2,0,1
BRDA:14,2,1,0
BRDA:15,3,0,1
BRDA:15,3,1,0
BRDA:20,4,0,1
BRDA:20,4,1,1
BRDA:21,5,0,1
BRDA:21,5,1,1
BRDA:22,6,0,1
BRDA:22,6,1,1
BRDA:23,7,0,1
BRDA:23,7,1,1
BRDA:24,8,0,1
BRDA:24,8,1,1
BRDA:29,9,0,1
BRDA:29,9,1,0
BRDA:30,10,0,1
BRDA:30,10,1,0
BRDA:34,11,0,1
BRDA:34,11,1,1
BRDA:35,12,0,1
BRDA:35,12,1,1
BRDA:36,13,0,1
BRDA:36,13,1,1
BRDA:39,14,0,1
BRDA:39,14,1,0
BRDA:42,15,0,1
BRDA:42,15,1,0
BRDA:46,16,0,1
BRDA:46,16,1,1
BRDA:50,17,0,1
BRDA:50,17,1,1
BRDA:51,18,0,1
BRDA:51,18,1,1
BRDA:52,19,0,1
BRDA:52,19,1,1
BRDA:53,20,0,1
BRDA:53,20,1,1
BRDA:54,21,0,1
BRDA:54,21,1,1
BRDA:58,22,0,1
BRDA:58,22,1,1
BRDA:59,23,0,1
BRDA:59,23,1,1
BRDA:60,24,0,1
BRDA:60,24,1,1
BRDA:61,25,0,1
BRDA:61,25,1,1
BRDA:65,26,0,1
BRDA:65,26,1,1
BRDA:66,27,0,1
BRDA:66,27,1,1
BRDA:67,28,0,1
BRDA:67,28,1,1
BRDA:68,29,0,1
BRDA:68,29,1,1
BRDA:72,30,0,1
BRDA:72,30,1,1
BRDA:73,31,0,1
BRDA:73,31,1,1
BRDA:77,32,0,1
BRDA:77,32,1,1
BRDA:78,33,0,1
BRDA:78,33,1,1
BRF:67
BRH:59
end_of_record
TN:
SF:src\config\passport.ts
FN:14,(anonymous_1)
FN:54,(anonymous_2)
FNF:2
FNH:0
FNDA:0,(anonymous_1)
FNDA:0,(anonymous_2)
DA:1,1
DA:2,1
DA:3,1
DA:4,1
DA:5,1
DA:8,1
DA:13,1
DA:15,0
DA:16,0
DA:17,0
DA:20,0
DA:25,0
DA:26,0
DA:27,0
DA:30,0
DA:39,0
DA:41,0
DA:46,1
DA:47,0
DA:55,0
DA:56,0
DA:57,0
DA:58,0
DA:61,0
DA:66,0
DA:67,0
DA:68,0
DA:69,0
DA:74,0
DA:77,0
DA:90,0
DA:92,0
DA:99,1
LF:33
LH:9
BRDA:16,0,0,0
BRDA:26,1,0,0
BRDA:26,2,0,0
BRDA:26,2,1,0
BRDA:46,3,0,0
BRDA:46,4,0,1
BRDA:46,4,1,0
BRDA:57,5,0,0
BRDA:66,6,0,0
BRDA:68,7,0,0
BRDA:84,8,0,0
BRDA:84,8,1,0
BRDA:85,9,0,0
BRDA:85,9,1,0
BRDA:86,10,0,0
BRDA:86,10,1,0
BRF:16
BRH:1
end_of_record
TN:
SF:src\controllers\analytics.controller.ts
FN:7,(anonymous_0)
FN:35,(anonymous_1)
FN:53,(anonymous_2)
FN:61,(anonymous_3)
FN:69,(anonymous_4)
FN:81,(anonymous_5)
FN:93,(anonymous_6)
FN:101,(anonymous_7)
FN:109,(anonymous_8)
FN:122,(anonymous_9)
FN:135,(anonymous_10)
FN:173,(anonymous_11)
FNF:12
FNH:0
FNDA:0,(anonymous_0)
FNDA:0,(anonymous_1)
FNDA:0,(anonymous_2)
FNDA:0,(anonymous_3)
FNDA:0,(anonymous_4)
FNDA:0,(anonymous_5)
FNDA:0,(anonymous_6)
FNDA:0,(anonymous_7)
FNDA:0,(anonymous_8)
FNDA:0,(anonymous_9)
FNDA:0,(anonymous_10)
FNDA:0,(anonymous_11)
DA:2,1
DA:3,1
DA:4,1
DA:7,1
DA:8,0
DA:17,0
DA:21,0
DA:35,1
DA:36,0
DA:38,0
DA:50,0
DA:53,1
DA:54,0
DA:58,0
DA:61,1
DA:62,0
DA:66,0
DA:69,1
DA:70,0
DA:78,0
DA:81,1
DA:82,0
DA:90,0
DA:93,1
DA:94,0
DA:98,0
DA:101,1
DA:102,0
DA:106,0
DA:109,1
DA:110,0
DA:112,0
DA:119,0
DA:122,1
DA:123,0
DA:125,0
DA:132,0
DA:135,1
DA:136,0
DA:138,0
DA:139,0
DA:140,0
DA:141,0
DA:142,0
DA:145,0
DA:146,0
DA:155,0
DA:156,0
DA:159,0
DA:161,0
DA:170,0
DA:173,1
DA:174,0
DA:184,0
LF:54
LH:15
BRDA:36,0,0,0
BRDA:36,0,1,0
BRDA:129,1,0,0
BRDA:129,1,1,0
BRDA:138,2,0,0
BRDA:140,3,0,0
BRDA:164,4,0,0
BRDA:164,4,1,0
BRDA:165,5,0,0
BRDA:165,5,1,0
BRF:10
BRH:0
end_of_record
TN:
SF:src\controllers\auth.controller.ts
FN:12,generateTokens
FN:38,storeRefreshToken
FN:51,(anonymous_3)
FN:88,(anonymous_4)
FN:126,(anonymous_5)
FN:174,(anonymous_6)
FN:185,(anonymous_7)
FN:204,(anonymous_8)
FN:209,(anonymous_9)
FN:230,(anonymous_10)
FN:248,(anonymous_11)
FNF:11
FNH:3
FNDA:0,generateTokens
FNDA:0,storeRefreshToken
FNDA:2,(anonymous_3)
FNDA:2,(anonymous_4)
FNDA:2,(anonymous_5)
FNDA:0,(anonymous_6)
FNDA:0,(anonymous_7)
FNDA:0,(anonymous_8)
FNDA:0,(anonymous_9)
FNDA:0,(anonymous_10)
FNDA:0,(anonymous_11)
DA:1,1
DA:2,1
DA:3,1
DA:5,1
DA:6,1
DA:7,1
DA:8,1
DA:9,1
DA:10,1
DA:13,0
DA:20,0
DA:27,0
DA:31,0
DA:35,0
DA:39,0
DA:40,0
DA:41,0
DA:45,0
DA:51,1
DA:52,2
DA:54,2
DA:55,2
DA:58,0
DA:59,0
DA:60,0
DA:63,0
DA:64,0
DA:65,0
DA:67,0
DA:74,0
DA:75,0
DA:76,0
DA:78,0
DA:88,1
DA:89,2
DA:91,2
DA:92,1
DA:95,1
DA:96,0
DA:98,0
DA:99,0
DA:102,0
DA:103,0
DA:106,0
DA:107,0
DA:108,0
DA:111,0
DA:113,0
DA:114,0
DA:116,0
DA:126,1
DA:127,2
DA:129,2
DA:130,1
DA:134,1
DA:135,1
DA:137,1
DA:140,0
DA:141,0
DA:144,0
DA:145,0
DA:150,0
DA:151,0
DA:154,0
DA:157,0
DA:159,0
DA:160,0
DA:163,0
DA:165,0
DA:166,0
DA:168,0
DA:174,1
DA:175,0
DA:177,0
DA:178,0
DA:179,0
DA:182,0
DA:185,1
DA:186,0
DA:191,0
DA:192,0
DA:193,0
DA:196,0
DA:199,1
DA:204,1
DA:209,0
DA:210,0
DA:211,0
DA:212,0
DA:215,0
DA:216,0
DA:218,0
DA:223,0
DA:225,0
DA:230,1
DA:231,0
DA:233,0
DA:238,0
DA:240,0
DA:241,0
DA:243,0
DA:245,0
DA:248,1
DA:249,0
DA:251,0
DA:252,0
DA:255,0
DA:256,0
DA:259,0
DA:260,0
DA:262,0
DA:263,0
DA:266,0
DA:267,0
DA:268,0
DA:271,0
DA:272,0
DA:274,0
DA:276,0
LF:119
LH:31
BRDA:41,0,0,0
BRDA:41,0,1,0
BRDA:54,1,0,2
BRDA:54,2,0,2
BRDA:54,2,1,1
BRDA:54,2,2,0
BRDA:59,3,0,0
BRDA:65,4,0,0
BRDA:65,4,1,0
BRDA:71,5,0,0
BRDA:71,5,1,0
BRDA:71,6,0,0
BRDA:71,6,1,0
BRDA:91,7,0,1
BRDA:91,8,0,2
BRDA:91,8,1,1
BRDA:98,9,0,0
BRDA:98,10,0,0
BRDA:98,10,1,0
BRDA:102,11,0,0
BRDA:107,12,0,0
BRDA:129,13,0,1
BRDA:140,14,0,0
BRDA:150,15,0,0
BRDA:159,16,0,0
BRDA:177,17,0,0
BRDA:192,18,0,0
BRDA:211,19,0,0
BRDA:211,20,0,0
BRDA:211,20,1,0
BRDA:238,21,0,0
BRDA:241,22,0,0
BRDA:251,23,0,0
BRDA:251,24,0,0
BRDA:251,24,1,0
BRDA:255,25,0,0
BRDA:262,26,0,0
BRDA:267,27,0,0
BRF:38
BRH:7
end_of_record
TN:
SF:src\controllers\customers.controller.ts
FN:8,(anonymous_0)
FN:34,(anonymous_1)
FN:46,(anonymous_2)
FN:69,(anonymous_3)
FN:78,(anonymous_4)
FN:95,(anonymous_5)
FN:105,(anonymous_6)
FN:124,(anonymous_7)
FNF:8
FNH:0
FNDA:0,(anonymous_0)
FNDA:0,(anonymous_1)
FNDA:0,(anonymous_2)
FNDA:0,(anonymous_3)
FNDA:0,(anonymous_4)
FNDA:0,(anonymous_5)
FNDA:0,(anonymous_6)
FNDA:0,(anonymous_7)
DA:2,1
DA:3,1
DA:4,1
DA:5,1
DA:6,1
DA:8,1
DA:9,0
DA:10,0
DA:12,0
DA:13,0
DA:14,0
DA:16,0
DA:17,0
DA:18,0
DA:19,0
DA:22,0
DA:23,0
DA:24,0
DA:26,0
DA:31,0
DA:34,1
DA:35,0
DA:36,0
DA:38,0
DA:43,0
DA:46,1
DA:50,0
DA:52,0
DA:54,0
DA:56,0
DA:66,0
DA:69,1
DA:70,0
DA:71,0
DA:73,0
DA:74,0
DA:75,0
DA:76,0
DA:78,0
DA:79,0
DA:80,0
DA:81,0
DA:85,0
DA:87,0
DA:88,0
DA:90,0
DA:92,0
DA:95,1
DA:96,0
DA:97,0
DA:99,0
DA:100,0
DA:102,0
DA:105,1
DA:106,0
DA:108,0
DA:109,0
DA:111,0
DA:121,0
DA:124,1
DA:125,0
DA:127,0
DA:133,0
LF:63
LH:12
BRDA:16,0,0,0
BRDA:36,1,0,0
BRDA:52,2,0,0
BRDA:52,3,0,0
BRDA:52,3,1,0
BRDA:60,4,0,0
BRDA:60,4,1,0
BRDA:60,5,0,0
BRDA:60,5,1,0
BRDA:61,6,0,0
BRDA:61,6,1,0
BRDA:61,7,0,0
BRDA:61,7,1,0
BRDA:61,8,0,0
BRDA:61,8,1,0
BRDA:61,9,0,0
BRDA:61,9,1,0
BRDA:62,10,0,0
BRDA:62,10,1,0
BRDA:62,11,0,0
BRDA:62,11,1,0
BRDA:62,12,0,0
BRDA:62,12,1,0
BRDA:62,13,0,0
BRDA:62,13,1,0
BRDA:62,14,0,0
BRDA:62,14,1,0
BRDA:71,15,0,0
BRDA:79,16,0,0
BRDA:85,17,0,0
BRDA:97,18,0,0
BRDA:130,19,0,0
BRDA:130,19,1,0
BRDA:130,20,0,0
BRDA:130,20,1,0
BRDA:130,21,0,0
BRDA:130,21,1,0
BRDA:130,22,0,0
BRDA:130,22,1,0
BRDA:130,23,0,0
BRDA:130,23,1,0
BRDA:130,24,0,0
BRDA:130,24,1,0
BRF:43
BRH:0
end_of_record
TN:
SF:src\controllers\documents.controller.ts
FN:11,(anonymous_1)
FN:40,(anonymous_2)
FN:46,(anonymous_3)
FN:74,(anonymous_4)
FN:96,(anonymous_5)
FN:111,(anonymous_6)
FN:123,(anonymous_7)
FNF:7
FNH:0
FNDA:0,(anonymous_1)
FNDA:0,(anonymous_2)
FNDA:0,(anonymous_3)
FNDA:0,(anonymous_4)
FNDA:0,(anonymous_5)
FNDA:0,(anonymous_6)
FNDA:0,(anonymous_7)
DA:2,1
DA:3,1
DA:4,1
DA:5,1
DA:6,1
DA:7,1
DA:8,1
DA:9,1
DA:11,1
DA:12,0
DA:13,0
DA:15,0
DA:16,0
DA:17,0
DA:19,0
DA:20,0
DA:21,0
DA:23,0
DA:24,0
DA:25,0
DA:27,0
DA:37,0
DA:40,1
DA:41,0
DA:42,0
DA:43,0
DA:46,1
DA:47,0
DA:49,0
DA:51,0
DA:53,0
DA:55,0
DA:71,0
DA:74,1
DA:75,0
DA:76,0
DA:78,0
DA:80,0
DA:91,0
DA:93,0
DA:96,1
DA:97,0
DA:98,0
DA:100,0
DA:101,0
DA:102,0
DA:105,0
DA:106,0
DA:108,0
DA:111,1
DA:112,0
DA:113,0
DA:115,0
DA:116,0
DA:117,0
DA:120,0
DA:123,1
DA:124,0
DA:126,0
DA:127,0
DA:129,0
DA:130,0
DA:131,0
DA:133,0
DA:151,0
LF:65
LH:15
BRDA:19,0,0,0
BRDA:20,1,0,0
BRDA:21,2,0,0
BRDA:42,3,0,0
BRDA:47,4,0,0
BRDA:51,5,0,0
BRDA:59,6,0,0
BRDA:59,6,1,0
BRDA:64,7,0,0
BRDA:64,7,1,0
BRDA:65,8,0,0
BRDA:65,8,1,0
BRDA:67,9,0,0
BRDA:67,9,1,0
BRDA:67,10,0,0
BRDA:67,10,1,0
BRDA:76,11,0,0
BRDA:88,12,0,0
BRDA:88,12,1,0
BRDA:98,13,0,0
BRDA:101,14,0,0
BRDA:101,15,0,0
BRDA:101,15,1,0
BRDA:113,16,0,0
BRDA:116,17,0,0
BRDA:124,18,0,0
BRDA:127,19,0,0
BRDA:131,20,0,0
BRDA:131,20,1,0
BRF:29
BRH:0
end_of_record
TN:
SF:src\controllers\materials.controller.ts
FN:8,(anonymous_0)
FN:44,(anonymous_1)
FN:64,(anonymous_2)
FN:89,(anonymous_3)
FN:98,(anonymous_4)
FN:115,(anonymous_5)
FN:125,(anonymous_6)
FN:151,(anonymous_7)
FN:156,(anonymous_8)
FN:168,(anonymous_9)
FNF:10
FNH:0
FNDA:0,(anonymous_0)
FNDA:0,(anonymous_1)
FNDA:0,(anonymous_2)
FNDA:0,(anonymous_3)
FNDA:0,(anonymous_4)
FNDA:0,(anonymous_5)
FNDA:0,(anonymous_6)
FNDA:0,(anonymous_7)
FNDA:0,(anonymous_8)
FNDA:0,(anonymous_9)
DA:2,1
DA:3,1
DA:4,1
DA:5,1
DA:6,1
DA:8,1
DA:9,0
DA:10,0
DA:12,0
DA:13,0
DA:14,0
DA:16,0
DA:17,0
DA:18,0
DA:19,0
DA:20,0
DA:22,0
DA:23,0
DA:26,0
DA:27,0
DA:28,0
DA:30,0
DA:41,0
DA:44,1
DA:45,0
DA:54,0
DA:56,0
DA:61,0
DA:64,1
DA:68,0
DA:70,0
DA:71,0
DA:74,0
DA:76,0
DA:86,0
DA:89,1
DA:90,0
DA:91,0
DA:93,0
DA:94,0
DA:95,0
DA:96,0
DA:98,0
DA:99,0
DA:100,0
DA:101,0
DA:105,0
DA:107,0
DA:108,0
DA:110,0
DA:112,0
DA:115,1
DA:116,0
DA:117,0
DA:119,0
DA:120,0
DA:122,0
DA:125,1
DA:126,0
DA:128,0
DA:129,0
DA:132,0
DA:133,0
DA:135,0
DA:136,0
DA:138,0
DA:140,0
DA:142,0
DA:148,0
DA:151,1
DA:152,0
DA:153,0
DA:156,1
DA:157,0
DA:158,0
DA:160,0
DA:165,0
DA:168,1
DA:169,0
DA:170,0
LF:80
LH:14
BRDA:16,0,0,0
BRDA:17,1,0,0
BRDA:22,2,0,0
BRDA:54,3,0,0
BRDA:70,4,0,0
BRDA:70,5,0,0
BRDA:70,5,1,0
BRDA:70,5,2,0
BRDA:74,6,0,0
BRDA:74,6,1,0
BRDA:80,7,0,0
BRDA:80,7,1,0
BRDA:80,8,0,0
BRDA:80,8,1,0
BRDA:80,9,0,0
BRDA:80,9,1,0
BRDA:81,10,0,0
BRDA:81,10,1,0
BRDA:81,11,0,0
BRDA:81,11,1,0
BRDA:82,12,0,0
BRDA:82,12,1,0
BRDA:82,13,0,0
BRDA:82,13,1,0
BRDA:82,14,0,0
BRDA:82,14,1,0
BRDA:91,15,0,0
BRDA:99,16,0,0
BRDA:105,17,0,0
BRDA:117,18,0,0
BRDA:128,19,0,0
BRDA:128,20,0,0
BRDA:128,20,1,0
BRDA:133,21,0,0
BRDA:138,22,0,0
BRDA:145,23,0,0
BRDA:145,23,1,0
BRDA:145,24,0,0
BRDA:145,24,1,0
BRDA:158,25,0,0
BRDA:162,26,0,0
BRDA:162,26,1,0
BRF:42
BRH:0
end_of_record
TN:
SF:src\controllers\notifications.controller.ts
FN:8,(anonymous_0)
FN:33,(anonymous_1)
FN:42,(anonymous_2)
FN:71,(anonymous_3)
FN:81,(anonymous_4)
FN:89,(anonymous_5)
FN:99,(anonymous_6)
FN:119,(anonymous_7)
FNF:8
FNH:0
FNDA:0,(anonymous_0)
FNDA:0,(anonymous_1)
FNDA:0,(anonymous_2)
FNDA:0,(anonymous_3)
FNDA:0,(anonymous_4)
FNDA:0,(anonymous_5)
FNDA:0,(anonymous_6)
FNDA:0,(anonymous_7)
DA:2,1
DA:3,1
DA:4,1
DA:5,1
DA:6,1
DA:8,1
DA:9,0
DA:10,0
DA:12,0
DA:13,0
DA:14,0
DA:16,0
DA:17,0
DA:18,0
DA:21,0
DA:22,0
DA:23,0
DA:25,0
DA:30,0
DA:33,1
DA:34,0
DA:39,0
DA:42,1
DA:43,0
DA:45,0
DA:46,0
DA:49,0
DA:55,0
DA:56,0
DA:57,0
DA:58,0
DA:59,0
DA:68,0
DA:71,1
DA:72,0
DA:77,0
DA:78,0
DA:81,1
DA:82,0
DA:86,0
DA:89,1
DA:90,0
DA:95,0
DA:96,0
DA:99,1
DA:100,0
DA:102,0
DA:103,0
DA:106,0
DA:107,0
DA:108,0
DA:113,0
DA:116,0
DA:119,1
DA:120,0
DA:122,0
DA:123,0
DA:126,0
DA:133,0
LF:59
LH:13
BRDA:16,0,0,0
BRDA:45,1,0,0
BRDA:45,2,0,0
BRDA:45,2,1,0
BRDA:45,2,2,0
BRDA:52,3,0,0
BRDA:52,3,1,0
BRDA:52,4,0,0
BRDA:52,4,1,0
BRDA:52,5,0,0
BRDA:52,5,1,0
BRDA:56,6,0,0
BRDA:56,7,0,0
BRDA:56,7,1,0
BRDA:56,7,2,0
BRDA:57,8,0,0
BRDA:57,8,1,0
BRDA:58,9,0,0
BRDA:77,10,0,0
BRDA:95,11,0,0
BRDA:102,12,0,0
BRDA:102,13,0,0
BRDA:102,13,1,0
BRDA:102,13,2,0
BRDA:111,14,0,0
BRDA:111,14,1,0
BRDA:122,15,0,0
BRDA:122,16,0,0
BRDA:122,16,1,0
BRDA:129,17,0,0
BRDA:129,17,1,0
BRF:31
BRH:0
end_of_record
TN:
SF:src\controllers\payments.controller.ts
FN:8,(anonymous_0)
FN:38,(anonymous_1)
FN:52,(anonymous_2)
FN:88,(anonymous_3)
FN:97,(anonymous_4)
FN:114,(anonymous_5)
FN:124,(anonymous_6)
FN:153,(anonymous_7)
FN:161,(anonymous_8)
FN:187,(anonymous_9)
FNF:10
FNH:0
FNDA:0,(anonymous_0)
FNDA:0,(anonymous_1)
FNDA:0,(anonymous_2)
FNDA:0,(anonymous_3)
FNDA:0,(anonymous_4)
FNDA:0,(anonymous_5)
FNDA:0,(anonymous_6)
FNDA:0,(anonymous_7)
FNDA:0,(anonymous_8)
FNDA:0,(anonymous_9)
DA:2,1
DA:3,1
DA:4,1
DA:5,1
DA:6,1
DA:8,1
DA:9,0
DA:10,0
DA:12,0
DA:13,0
DA:14,0
DA:16,0
DA:17,0
DA:18,0
DA:20,0
DA:21,0
DA:22,0
DA:24,0
DA:35,0
DA:38,1
DA:39,0
DA:48,0
DA:49,0
DA:52,1
DA:56,0
DA:58,0
DA:59,0
DA:62,0
DA:64,0
DA:74,0
DA:75,0
DA:85,0
DA:88,1
DA:89,0
DA:90,0
DA:92,0
DA:93,0
DA:94,0
DA:95,0
DA:97,0
DA:98,0
DA:99,0
DA:100,0
DA:104,0
DA:106,0
DA:107,0
DA:109,0
DA:111,0
DA:114,1
DA:115,0
DA:116,0
DA:118,0
DA:119,0
DA:121,0
DA:124,1
DA:125,0
DA:126,0
DA:128,0
DA:129,0
DA:130,0
DA:132,0
DA:133,0
DA:135,0
DA:136,0
DA:137,0
DA:139,0
DA:150,0
DA:153,1
DA:154,0
DA:156,0
DA:157,0
DA:160,0
DA:162,0
DA:166,0
DA:167,0
DA:168,0
DA:170,0
DA:176,0
DA:177,0
DA:184,0
DA:187,1
DA:188,0
DA:197,0
DA:199,0
DA:201,0
LF:85
LH:13
BRDA:16,0,0,0
BRDA:17,1,0,0
BRDA:18,2,0,0
BRDA:48,3,0,0
BRDA:58,4,0,0
BRDA:58,5,0,0
BRDA:58,5,1,0
BRDA:68,6,0,0
BRDA:68,6,1,0
BRDA:68,7,0,0
BRDA:68,7,1,0
BRDA:68,8,0,0
BRDA:68,8,1,0
BRDA:69,9,0,0
BRDA:69,9,1,0
BRDA:69,10,0,0
BRDA:69,10,1,0
BRDA:70,11,0,0
BRDA:70,11,1,0
BRDA:70,12,0,0
BRDA:70,12,1,0
BRDA:74,13,0,0
BRDA:90,14,0,0
BRDA:98,15,0,0
BRDA:104,16,0,0
BRDA:116,17,0,0
BRDA:132,18,0,0
BRDA:133,19,0,0
BRDA:156,20,0,0
BRDA:156,21,0,0
BRDA:156,21,1,0
BRDA:166,22,0,0
BRDA:166,22,1,0
BRDA:173,23,0,0
BRDA:173,23,1,0
BRDA:173,24,0,0
BRDA:173,24,1,0
BRDA:173,25,0,0
BRDA:173,25,1,0
BRDA:173,26,0,0
BRDA:173,26,1,0
BRDA:180,27,0,0
BRDA:180,27,1,0
BRDA:180,28,0,0
BRDA:180,28,1,0
BRDA:197,29,0,0
BRF:46
BRH:0
end_of_record
TN:
SF:src\controllers\projects.controller.ts
FN:8,(anonymous_0)
FN:47,(anonymous_1)
FN:75,(anonymous_2)
FN:102,(anonymous_3)
FN:116,(anonymous_4)
FN:136,(anonymous_5)
FN:146,(anonymous_6)
FN:159,(anonymous_7)
FN:172,(anonymous_8)
FNF:9
FNH:0
FNDA:0,(anonymous_0)
FNDA:0,(anonymous_1)
FNDA:0,(anonymous_2)
FNDA:0,(anonymous_3)
FNDA:0,(anonymous_4)
FNDA:0,(anonymous_5)
FNDA:0,(anonymous_6)
FNDA:0,(anonymous_7)
FNDA:0,(anonymous_8)
DA:2,1
DA:3,1
DA:4,1
DA:5,1
DA:6,1
DA:8,1
DA:9,0
DA:10,0
DA:12,0
DA:13,0
DA:14,0
DA:16,0
DA:17,0
DA:18,0
DA:19,0
DA:20,0
DA:21,0
DA:24,0
DA:25,0
DA:26,0
DA:29,0
DA:30,0
DA:31,0
DA:33,0
DA:44,0
DA:47,1
DA:48,0
DA:57,0
DA:59,0
DA:64,0
DA:69,0
DA:75,1
DA:79,0
DA:81,0
DA:82,0
DA:85,0
DA:87,0
DA:99,0
DA:102,1
DA:103,0
DA:104,0
DA:106,0
DA:112,0
DA:113,0
DA:114,0
DA:116,0
DA:117,0
DA:118,0
DA:119,0
DA:123,0
DA:125,0
DA:126,0
DA:131,0
DA:133,0
DA:136,1
DA:137,0
DA:138,0
DA:140,0
DA:141,0
DA:143,0
DA:146,1
DA:147,0
DA:148,0
DA:150,0
DA:156,0
DA:159,1
DA:160,0
DA:161,0
DA:163,0
DA:169,0
DA:172,1
DA:173,0
DA:174,0
DA:176,0
DA:182,0
LF:75
LH:13
BRDA:16,0,0,0
BRDA:17,1,0,0
BRDA:18,2,0,0
BRDA:24,3,0,0
BRDA:57,4,0,0
BRDA:81,5,0,0
BRDA:81,6,0,0
BRDA:81,6,1,0
BRDA:81,6,2,0
BRDA:92,7,0,0
BRDA:92,7,1,0
BRDA:93,8,0,0
BRDA:93,8,1,0
BRDA:93,9,0,0
BRDA:93,9,1,0
BRDA:93,10,0,0
BRDA:93,10,1,0
BRDA:93,11,0,0
BRDA:93,11,1,0
BRDA:94,12,0,0
BRDA:94,12,1,0
BRDA:94,13,0,0
BRDA:94,13,1,0
BRDA:94,14,0,0
BRDA:94,14,1,0
BRDA:95,15,0,0
BRDA:95,15,1,0
BRDA:95,16,0,0
BRDA:95,16,1,0
BRDA:95,17,0,0
BRDA:95,17,1,0
BRDA:104,18,0,0
BRDA:117,19,0,0
BRDA:123,20,0,0
BRDA:138,21,0,0
BRDA:148,22,0,0
BRDA:153,23,0,0
BRDA:153,23,1,0
BRDA:153,24,0,0
BRDA:153,24,1,0
BRDA:153,25,0,0
BRDA:153,25,1,0
BRDA:153,26,0,0
BRDA:153,26,1,0
BRDA:161,27,0,0
BRDA:166,28,0,0
BRDA:166,28,1,0
BRDA:166,29,0,0
BRDA:166,29,1,0
BRDA:174,30,0,0
BRDA:179,31,0,0
BRDA:179,31,1,0
BRF:52
BRH:0
end_of_record
TN:
SF:src\controllers\quotations.controller.ts
FN:9,(anonymous_0)
FN:37,(anonymous_1)
FN:50,(anonymous_2)
FN:70,(anonymous_3)
FN:106,(anonymous_4)
FN:159,(anonymous_5)
FN:169,(anonymous_6)
FN:196,(anonymous_7)
FNF:8
FNH:0
FNDA:0,(anonymous_0)
FNDA:0,(anonymous_1)
FNDA:0,(anonymous_2)
FNDA:0,(anonymous_3)
FNDA:0,(anonymous_4)
FNDA:0,(anonymous_5)
FNDA:0,(anonymous_6)
FNDA:0,(anonymous_7)
DA:2,1
DA:3,1
DA:4,1
DA:5,1
DA:6,1
DA:7,1
DA:9,1
DA:10,0
DA:11,0
DA:13,0
DA:14,0
DA:15,0
DA:17,0
DA:18,0
DA:20,0
DA:21,0
DA:22,0
DA:24,0
DA:34,0
DA:37,1
DA:38,0
DA:46,0
DA:47,0
DA:50,1
DA:51,0
DA:53,0
DA:54,0
DA:57,0
DA:67,0
DA:70,1
DA:74,0
DA:76,0
DA:77,0
DA:80,0
DA:90,0
DA:92,0
DA:103,0
DA:106,1
DA:107,0
DA:108,0
DA:113,0
DA:115,0
DA:116,0
DA:117,0
DA:119,0
DA:120,0
DA:131,0
DA:154,0
DA:156,0
DA:159,1
DA:160,0
DA:161,0
DA:163,0
DA:164,0
DA:166,0
DA:169,1
DA:170,0
DA:176,0
DA:178,0
DA:179,0
DA:193,0
DA:196,1
DA:197,0
DA:198,0
DA:200,0
DA:205,0
DA:207,0
LF:67
LH:14
BRDA:17,0,0,0
BRDA:18,1,0,0
BRDA:46,2,0,0
BRDA:53,3,0,0
BRDA:53,4,0,0
BRDA:53,4,1,0
BRDA:60,5,0,0
BRDA:60,5,1,0
BRDA:61,6,0,0
BRDA:61,6,1,0
BRDA:62,7,0,0
BRDA:62,7,1,0
BRDA:63,8,0,0
BRDA:63,8,1,0
BRDA:64,9,0,0
BRDA:64,9,1,0
BRDA:76,10,0,0
BRDA:76,11,0,0
BRDA:76,11,1,0
BRDA:83,12,0,0
BRDA:83,12,1,0
BRDA:84,13,0,0
BRDA:84,13,1,0
BRDA:85,14,0,0
BRDA:85,14,1,0
BRDA:86,15,0,0
BRDA:86,15,1,0
BRDA:87,16,0,0
BRDA:87,16,1,0
BRDA:96,17,0,0
BRDA:96,17,1,0
BRDA:99,18,0,0
BRDA:99,18,1,0
BRDA:99,19,0,0
BRDA:99,19,1,0
BRDA:99,20,0,0
BRDA:99,20,1,0
BRDA:108,21,0,0
BRDA:116,22,0,0
BRDA:116,22,1,0
BRDA:117,23,0,0
BRDA:117,23,1,0
BRDA:119,24,0,0
BRDA:123,25,0,0
BRDA:123,25,1,0
BRDA:124,26,0,0
BRDA:124,26,1,0
BRDA:125,27,0,0
BRDA:125,27,1,0
BRDA:126,28,0,0
BRDA:126,28,1,0
BRDA:127,29,0,0
BRDA:127,29,1,0
BRDA:161,30,0,0
BRDA:176,31,0,0
BRDA:181,32,0,0
BRDA:181,32,1,0
BRDA:198,33,0,0
BRDA:205,34,0,0
BRF:59
BRH:0
end_of_record
TN:
SF:src\controllers\reports.controller.ts
FN:10,(anonymous_1)
FN:40,(anonymous_2)
FN:56,(anonymous_3)
FN:72,(anonymous_4)
FN:88,(anonymous_5)
FN:109,(anonymous_6)
FN:126,(anonymous_7)
FN:138,(anonymous_8)
FNF:8
FNH:0
FNDA:0,(anonymous_1)
FNDA:0,(anonymous_2)
FNDA:0,(anonymous_3)
FNDA:0,(anonymous_4)
FNDA:0,(anonymous_5)
FNDA:0,(anonymous_6)
FNDA:0,(anonymous_7)
FNDA:0,(anonymous_8)
DA:2,1
DA:3,1
DA:4,1
DA:5,1
DA:6,1
DA:7,1
DA:8,1
DA:10,1
DA:11,0
DA:12,0
DA:14,0
DA:15,0
DA:16,0
DA:18,0
DA:19,0
DA:20,0
DA:23,0
DA:24,0
DA:25,0
DA:27,0
DA:37,0
DA:40,1
DA:41,0
DA:42,0
DA:44,0
DA:50,0
DA:56,1
DA:57,0
DA:58,0
DA:60,0
DA:66,0
DA:72,1
DA:73,0
DA:74,0
DA:76,0
DA:82,0
DA:88,1
DA:89,0
DA:98,0
DA:100,0
DA:101,0
DA:103,0
DA:109,0
DA:123,0
DA:126,1
DA:127,0
DA:128,0
DA:130,0
DA:131,0
DA:132,0
DA:135,0
DA:138,1
DA:139,0
DA:140,0
DA:142,0
DA:143,0
DA:144,0
DA:147,0
DA:148,0
LF:59
LH:14
BRDA:18,0,0,0
BRDA:41,1,0,0
BRDA:41,1,1,0
BRDA:57,2,0,0
BRDA:57,2,1,0
BRDA:73,3,0,0
BRDA:73,3,1,0
BRDA:98,4,0,0
BRDA:128,5,0,0
BRDA:131,6,0,0
BRDA:131,7,0,0
BRDA:131,7,1,0
BRDA:135,8,0,0
BRDA:135,8,1,0
BRDA:140,9,0,0
BRDA:143,10,0,0
BRDA:143,11,0,0
BRDA:143,11,1,0
BRF:18
BRH:0
end_of_record
TN:
SF:src\controllers\suppliers.controller.ts
FN:8,(anonymous_0)
FN:38,(anonymous_1)
FN:50,(anonymous_2)
FN:73,(anonymous_3)
FN:82,(anonymous_4)
FN:99,(anonymous_5)
FN:109,(anonymous_6)
FN:137,(anonymous_7)
FN:148,(anonymous_8)
FNF:9
FNH:0
FNDA:0,(anonymous_0)
FNDA:0,(anonymous_1)
FNDA:0,(anonymous_2)
FNDA:0,(anonymous_3)
FNDA:0,(anonymous_4)
FNDA:0,(anonymous_5)
FNDA:0,(anonymous_6)
FNDA:0,(anonymous_7)
FNDA:0,(anonymous_8)
DA:2,1
DA:3,1
DA:4,1
DA:5,1
DA:6,1
DA:8,1
DA:9,0
DA:10,0
DA:12,0
DA:13,0
DA:14,0
DA:16,0
DA:17,0
DA:18,0
DA:19,0
DA:21,0
DA:22,0
DA:23,0
DA:26,0
DA:27,0
DA:28,0
DA:30,0
DA:35,0
DA:38,1
DA:39,0
DA:40,0
DA:42,0
DA:47,0
DA:50,1
DA:54,0
DA:56,0
DA:58,0
DA:60,0
DA:70,0
DA:73,1
DA:74,0
DA:75,0
DA:77,0
DA:78,0
DA:79,0
DA:80,0
DA:82,0
DA:83,0
DA:84,0
DA:85,0
DA:89,0
DA:91,0
DA:92,0
DA:94,0
DA:96,0
DA:99,1
DA:100,0
DA:101,0
DA:103,0
DA:104,0
DA:106,0
DA:109,1
DA:110,0
DA:111,0
DA:113,0
DA:114,0
DA:115,0
DA:117,0
DA:118,0
DA:120,0
DA:121,0
DA:122,0
DA:124,0
DA:134,0
DA:137,1
DA:138,0
DA:140,0
DA:141,0
DA:144,0
DA:145,0
DA:146,0
DA:148,0
DA:149,0
DA:150,0
DA:151,0
DA:154,0
DA:160,0
DA:161,0
DA:168,0
LF:84
LH:12
BRDA:16,0,0,0
BRDA:21,1,0,0
BRDA:40,2,0,0
BRDA:56,3,0,0
BRDA:56,4,0,0
BRDA:56,4,1,0
BRDA:64,5,0,0
BRDA:64,5,1,0
BRDA:64,6,0,0
BRDA:64,6,1,0
BRDA:65,7,0,0
BRDA:65,7,1,0
BRDA:65,8,0,0
BRDA:65,8,1,0
BRDA:65,9,0,0
BRDA:65,9,1,0
BRDA:66,10,0,0
BRDA:66,10,1,0
BRDA:66,11,0,0
BRDA:66,11,1,0
BRDA:66,12,0,0
BRDA:66,12,1,0
BRDA:75,13,0,0
BRDA:83,14,0,0
BRDA:89,15,0,0
BRDA:101,16,0,0
BRDA:117,17,0,0
BRDA:118,18,0,0
BRDA:140,19,0,0
BRDA:140,20,0,0
BRDA:140,20,1,0
BRDA:157,21,0,0
BRDA:157,21,1,0
BRDA:157,22,0,0
BRDA:157,22,1,0
BRDA:157,23,0,0
BRDA:157,23,1,0
BRDA:157,24,0,0
BRDA:157,24,1,0
BRF:39
BRH:0
end_of_record
TN:
SF:src\controllers\users.controller.ts
FN:9,(anonymous_1)
FN:52,(anonymous_2)
FN:66,(anonymous_3)
FN:85,(anonymous_4)
FN:111,(anonymous_5)
FN:127,(anonymous_6)
FNF:6
FNH:0
FNDA:0,(anonymous_1)
FNDA:0,(anonymous_2)
FNDA:0,(anonymous_3)
FNDA:0,(anonymous_4)
FNDA:0,(anonymous_5)
FNDA:0,(anonymous_6)
DA:2,1
DA:3,1
DA:4,1
DA:5,1
DA:6,1
DA:7,1
DA:9,1
DA:10,0
DA:11,0
DA:13,0
DA:14,0
DA:15,0
DA:17,0
DA:18,0
DA:19,0
DA:22,0
DA:23,0
DA:26,0
DA:27,0
DA:30,0
DA:32,0
DA:36,0
DA:38,0
DA:46,0
DA:52,1
DA:53,0
DA:59,0
DA:60,0
DA:63,0
DA:66,1
DA:67,0
DA:69,0
DA:70,0
DA:73,0
DA:75,0
DA:82,0
DA:85,1
DA:86,0
DA:88,0
DA:89,0
DA:90,0
DA:93,0
DA:106,0
DA:108,0
DA:111,1
DA:112,0
DA:113,0
DA:116,0
DA:117,0
DA:118,0
DA:121,0
DA:122,0
DA:124,0
DA:127,1
DA:128,0
DA:130,0
DA:141,0
LF:57
LH:12
BRDA:17,0,0,0
BRDA:22,1,0,0
BRDA:59,2,0,0
BRDA:69,3,0,0
BRDA:69,4,0,0
BRDA:69,4,1,0
BRDA:69,4,2,0
BRDA:69,4,3,0
BRDA:79,5,0,0
BRDA:79,5,1,0
BRDA:79,6,0,0
BRDA:79,6,1,0
BRDA:79,7,0,0
BRDA:79,7,1,0
BRDA:89,8,0,0
BRDA:112,9,0,0
BRDA:117,10,0,0
BRF:17
BRH:0
end_of_record
TN:
SF:src\controllers\website.controller.ts
FN:7,(anonymous_0)
FN:27,(anonymous_1)
FN:35,(anonymous_2)
FN:49,(anonymous_3)
FN:65,(anonymous_4)
FN:85,(anonymous_5)
FN:110,(anonymous_6)
FN:120,(anonymous_7)
FN:131,(anonymous_8)
FN:146,(anonymous_9)
FNF:10
FNH:0
FNDA:0,(anonymous_0)
FNDA:0,(anonymous_1)
FNDA:0,(anonymous_2)
FNDA:0,(anonymous_3)
FNDA:0,(anonymous_4)
FNDA:0,(anonymous_5)
FNDA:0,(anonymous_6)
FNDA:0,(anonymous_7)
FNDA:0,(anonymous_8)
FNDA:0,(anonymous_9)
DA:2,1
DA:3,1
DA:4,1
DA:5,1
DA:7,1
DA:8,0
DA:10,0
DA:13,0
DA:15,0
DA:24,0
DA:27,1
DA:28,0
DA:32,0
DA:35,1
DA:36,0
DA:38,0
DA:39,0
DA:41,0
DA:46,0
DA:49,1
DA:50,0
DA:52,0
DA:53,0
DA:56,0
DA:62,0
DA:65,1
DA:66,0
DA:68,0
DA:69,0
DA:72,0
DA:78,0
DA:85,1
DA:86,0
DA:87,0
DA:89,0
DA:90,0
DA:91,0
DA:93,0
DA:94,0
DA:95,0
DA:98,0
DA:99,0
DA:100,0
DA:102,0
DA:107,0
DA:110,1
DA:111,0
DA:116,0
DA:117,0
DA:120,1
DA:121,0
DA:123,0
DA:128,0
DA:131,1
DA:132,0
DA:133,0
DA:135,0
DA:137,0
DA:143,0
DA:146,1
DA:147,0
DA:153,0
LF:62
LH:14
BRDA:52,0,0,0
BRDA:52,1,0,0
BRDA:52,1,1,0
BRDA:59,2,0,0
BRDA:59,2,1,0
BRDA:59,3,0,0
BRDA:59,3,1,0
BRDA:59,4,0,0
BRDA:59,4,1,0
BRDA:59,5,0,0
BRDA:59,5,1,0
BRDA:68,6,0,0
BRDA:68,7,0,0
BRDA:68,7,1,0
BRDA:68,7,2,0
BRDA:75,8,0,0
BRDA:75,8,1,0
BRDA:75,9,0,0
BRDA:75,9,1,0
BRDA:93,10,0,0
BRDA:116,11,0,0
BRDA:135,12,0,0
BRDA:140,13,0,0
BRDA:140,13,1,0
BRDA:140,14,0,0
BRDA:140,14,1,0
BRF:26
BRH:0
end_of_record
TN:
SF:src\controllers\workers.controller.ts
FN:8,(anonymous_0)
FN:39,(anonymous_1)
FN:54,(anonymous_2)
FN:78,(anonymous_3)
FN:87,(anonymous_4)
FN:104,(anonymous_5)
FN:114,(anonymous_6)
FN:131,(anonymous_7)
FN:155,(anonymous_8)
FNF:9
FNH:0
FNDA:0,(anonymous_0)
FNDA:0,(anonymous_1)
FNDA:0,(anonymous_2)
FNDA:0,(anonymous_3)
FNDA:0,(anonymous_4)
FNDA:0,(anonymous_5)
FNDA:0,(anonymous_6)
FNDA:0,(anonymous_7)
FNDA:0,(anonymous_8)
DA:2,1
DA:3,1
DA:4,1
DA:5,1
DA:6,1
DA:8,1
DA:9,0
DA:10,0
DA:12,0
DA:13,0
DA:14,0
DA:16,0
DA:17,0
DA:18,0
DA:19,0
DA:20,0
DA:22,0
DA:23,0
DA:24,0
DA:27,0
DA:28,0
DA:29,0
DA:31,0
DA:36,0
DA:39,1
DA:40,0
DA:41,0
DA:43,0
DA:51,0
DA:54,1
DA:58,0
DA:60,0
DA:61,0
DA:64,0
DA:66,0
DA:75,0
DA:78,1
DA:79,0
DA:80,0
DA:82,0
DA:83,0
DA:84,0
DA:85,0
DA:87,0
DA:88,0
DA:89,0
DA:90,0
DA:94,0
DA:96,0
DA:97,0
DA:99,0
DA:101,0
DA:104,1
DA:105,0
DA:106,0
DA:108,0
DA:109,0
DA:111,0
DA:114,1
DA:115,0
DA:117,0
DA:119,0
DA:128,0
DA:131,1
DA:132,0
DA:134,0
DA:135,0
DA:136,0
DA:138,0
DA:139,0
DA:140,0
DA:141,0
DA:143,0
DA:152,0
DA:155,1
DA:156,0
DA:158,0
DA:159,0
DA:162,0
DA:163,0
DA:165,0
DA:166,0
DA:167,0
DA:168,0
DA:170,0
DA:179,0
LF:86
LH:13
BRDA:16,0,0,0
BRDA:17,1,0,0
BRDA:22,2,0,0
BRDA:41,3,0,0
BRDA:60,4,0,0
BRDA:60,5,0,0
BRDA:60,5,1,0
BRDA:60,5,2,0
BRDA:70,6,0,0
BRDA:70,6,1,0
BRDA:70,7,0,0
BRDA:70,7,1,0
BRDA:70,8,0,0
BRDA:70,8,1,0
BRDA:71,9,0,0
BRDA:71,9,1,0
BRDA:71,10,0,0
BRDA:71,10,1,0
BRDA:71,11,0,0
BRDA:71,11,1,0
BRDA:71,12,0,0
BRDA:71,12,1,0
BRDA:80,13,0,0
BRDA:88,14,0,0
BRDA:94,15,0,0
BRDA:106,16,0,0
BRDA:117,17,0,0
BRDA:117,18,0,0
BRDA:117,18,1,0
BRDA:125,19,0,0
BRDA:125,19,1,0
BRDA:125,20,0,0
BRDA:125,20,1,0
BRDA:125,21,0,0
BRDA:125,21,1,0
BRDA:125,22,0,0
BRDA:125,22,1,0
BRDA:125,23,0,0
BRDA:125,23,1,0
BRDA:125,24,0,0
BRDA:125,24,1,0
BRDA:138,25,0,0
BRDA:139,26,0,0
BRDA:140,27,0,0
BRDA:141,28,0,0
BRDA:158,29,0,0
BRDA:158,30,0,0
BRDA:158,30,1,0
BRDA:158,30,2,0
BRDA:163,31,0,0
BRDA:166,32,0,0
BRDA:166,32,1,0
BRDA:167,33,0,0
BRDA:167,33,1,0
BRF:54
BRH:0
end_of_record
TN:
SF:src\middleware\audit.ts
FN:5,auditLog
FN:6,(anonymous_1)
FN:9,(anonymous_2)
FN:28,(anonymous_3)
FN:40,logAuditEntry
FNF:5
FNH:1
FNDA:42,auditLog
FNDA:0,(anonymous_1)
FNDA:0,(anonymous_2)
FNDA:0,(anonymous_3)
FNDA:0,logAuditEntry
DA:2,1
DA:3,1
DA:5,1
DA:6,42
DA:7,0
DA:9,0
DA:10,0
DA:12,0
DA:16,0
DA:29,0
DA:33,0
DA:36,0
DA:40,1
DA:48,0
DA:49,0
DA:64,0
LF:16
LH:5
BRDA:10,0,0,0
BRDA:10,1,0,0
BRDA:10,1,1,0
BRDA:12,2,0,0
BRDA:12,2,1,0
BRDA:12,2,2,0
BRDA:20,3,0,0
BRDA:20,3,1,0
BRDA:22,4,0,0
BRDA:22,4,1,0
BRDA:23,5,0,0
BRDA:23,5,1,0
BRDA:24,6,0,0
BRDA:24,6,1,0
BRDA:26,7,0,0
BRDA:26,7,1,0
BRDA:53,8,0,0
BRDA:53,8,1,0
BRDA:57,9,0,0
BRDA:57,9,1,0
BRDA:58,10,0,0
BRDA:58,10,1,0
BRDA:60,11,0,0
BRDA:60,11,1,0
BRDA:65,12,0,0
BRDA:65,12,1,0
BRF:26
BRH:0
end_of_record
TN:
SF:src\middleware\auth.ts
FN:5,authenticate
FN:6,(anonymous_2)
FN:18,authorize
FN:19,(anonymous_4)
FN:32,optionalAuth
FN:33,(anonymous_6)
FNF:6
FNH:3
FNDA:2,authenticate
FNDA:2,(anonymous_2)
FNDA:77,authorize
FNDA:0,(anonymous_4)
FNDA:0,optionalAuth
FNDA:0,(anonymous_6)
DA:2,1
DA:3,1
DA:5,1
DA:6,2
DA:7,2
DA:8,0
DA:10,2
DA:11,2
DA:13,0
DA:14,0
DA:18,1
DA:19,77
DA:20,0
DA:21,0
DA:24,0
DA:25,0
DA:28,0
DA:32,1
DA:33,0
DA:34,0
DA:35,0
DA:37,0
LF:22
LH:10
BRDA:7,0,0,0
BRDA:10,1,0,2
BRDA:20,2,0,0
BRDA:24,3,0,0
BRDA:24,4,0,0
BRDA:24,4,1,0
BRDA:34,5,0,0
BRF:7
BRH:1
end_of_record
TN:
SF:src\middleware\errorHandler.ts
FN:5,notFoundHandler
FN:9,errorHandler
FN:49,asyncHandler
FN:52,(anonymous_3)
FNF:4
FNH:3
FNDA:0,notFoundHandler
FNDA:8,errorHandler
FNDA:112,asyncHandler
FNDA:6,(anonymous_3)
DA:2,1
DA:3,1
DA:5,1
DA:6,0
DA:9,1
DA:15,8
DA:16,7
DA:20,7
DA:23,1
DA:24,0
DA:25,0
DA:28,1
DA:29,0
DA:30,0
DA:33,1
DA:34,0
DA:35,0
DA:38,1
DA:43,1
DA:49,1
DA:52,112
DA:53,6
LF:22
LH:15
BRDA:15,0,0,7
BRDA:23,1,0,0
BRDA:23,2,0,1
BRDA:23,2,1,1
BRDA:28,3,0,0
BRDA:33,4,0,0
BRDA:45,5,0,0
BRDA:45,5,1,1
BRF:8
BRH:4
end_of_record
TN:
SF:src\middleware\upload.ts
FN:15,(anonymous_1)
FN:18,(anonymous_2)
FN:37,fileFilter
FN:58,getUploadPath
FNF:4
FNH:0
FNDA:0,(anonymous_1)
FNDA:0,(anonymous_2)
FNDA:0,fileFilter
FNDA:0,getUploadPath
DA:1,1
DA:2,1
DA:3,1
DA:4,1
DA:5,1
DA:6,1
DA:8,1
DA:10,1
DA:11,0
DA:14,1
DA:16,0
DA:19,0
DA:20,0
DA:21,0
DA:25,1
DA:42,0
DA:43,0
DA:45,0
DA:49,1
DA:55,1
DA:56,1
DA:58,1
DA:59,0
LF:23
LH:14
BRDA:10,0,0,0
BRDA:42,1,0,0
BRDA:42,1,1,0
BRF:3
BRH:0
end_of_record
TN:
SF:src\routes\analytics.routes.ts
FNF:0
FNH:0
DA:1,1
DA:2,1
DA:3,1
DA:5,1
DA:7,1
DA:8,1
DA:10,1
DA:11,1
DA:12,1
DA:13,1
DA:14,1
DA:15,1
DA:16,1
DA:17,1
DA:18,1
DA:20,1
DA:21,1
DA:22,1
DA:24,1
LF:19
LH:19
BRF:0
BRH:0
end_of_record
TN:
SF:src\routes\auth.routes.ts
FNF:0
FNH:0
DA:1,1
DA:2,1
DA:3,1
DA:5,1
DA:7,1
DA:8,1
DA:9,1
DA:10,1
DA:11,1
DA:12,1
DA:13,1
DA:15,1
DA:16,1
DA:18,1
LF:14
LH:14
BRF:0
BRH:0
end_of_record
TN:
SF:src\routes\customers.routes.ts
FNF:0
FNH:0
DA:1,1
DA:2,1
DA:3,1
DA:4,1
DA:6,1
DA:8,1
DA:10,1
DA:11,1
DA:12,1
DA:13,1
DA:14,1
DA:15,1
DA:16,1
DA:18,1
LF:14
LH:14
BRF:0
BRH:0
end_of_record
TN:
SF:src\routes\documents.routes.ts
FNF:0
FNH:0
DA:1,1
DA:2,1
DA:3,1
DA:4,1
DA:5,1
DA:7,1
DA:9,1
DA:11,1
DA:12,1
DA:13,1
DA:14,1
DA:15,1
DA:16,1
DA:17,1
DA:19,1
LF:15
LH:15
BRF:0
BRH:0
end_of_record
TN:
SF:src\routes\index.ts
FN:19,(anonymous_1)
FNF:1
FNH:1
FNDA:1,(anonymous_1)
DA:1,1
DA:2,1
DA:3,1
DA:4,1
DA:5,1
DA:6,1
DA:7,1
DA:8,1
DA:9,1
DA:10,1
DA:11,1
DA:12,1
DA:13,1
DA:14,1
DA:15,1
DA:17,1
DA:19,1
DA:20,1
DA:28,1
DA:29,1
DA:30,1
DA:31,1
DA:32,1
DA:33,1
DA:34,1
DA:35,1
DA:36,1
DA:37,1
DA:38,1
DA:39,1
DA:40,1
DA:41,1
DA:43,1
LF:33
LH:33
BRF:0
BRH:0
end_of_record
TN:
SF:src\routes\materials.routes.ts
FNF:0
FNH:0
DA:1,1
DA:2,1
DA:3,1
DA:4,1
DA:6,1
DA:8,1
DA:10,1
DA:11,1
DA:12,1
DA:13,1
DA:14,1
DA:15,1
DA:16,1
DA:17,1
DA:18,1
DA:20,1
LF:16
LH:16
BRF:0
BRH:0
end_of_record
TN:
SF:src\routes\notifications.routes.ts
FNF:0
FNH:0
DA:1,1
DA:2,1
DA:3,1
DA:4,1
DA:6,1
DA:8,1
DA:10,1
DA:11,1
DA:12,1
DA:13,1
DA:14,1
DA:15,1
DA:16,1
DA:17,1
DA:19,1
LF:15
LH:15
BRF:0
BRH:0
end_of_record
TN:
SF:src\routes\payments.routes.ts
FNF:0
FNH:0
DA:1,1
DA:2,1
DA:3,1
DA:4,1
DA:6,1
DA:8,1
DA:10,1
DA:11,1
DA:12,1
DA:13,1
DA:14,1
DA:15,1
DA:16,1
DA:17,1
DA:19,1
LF:15
LH:15
BRF:0
BRH:0
end_of_record
TN:
SF:src\routes\projects.routes.ts
FNF:0
FNH:0
DA:1,1
DA:2,1
DA:3,1
DA:4,1
DA:6,1
DA:8,1
DA:10,1
DA:11,1
DA:12,1
DA:13,1
DA:14,1
DA:16,1
DA:17,1
DA:18,1
DA:20,1
LF:15
LH:15
BRF:0
BRH:0
end_of_record
TN:
SF:src\routes\quotations.routes.ts
FNF:0
FNH:0
DA:1,1
DA:2,1
DA:3,1
DA:4,1
DA:6,1
DA:8,1
DA:10,1
DA:11,1
DA:12,1
DA:13,1
DA:14,1
DA:15,1
DA:16,1
DA:17,1
DA:19,1
LF:15
LH:15
BRF:0
BRH:0
end_of_record
TN:
SF:src\routes\reports.routes.ts
FNF:0
FNH:0
DA:1,1
DA:2,1
DA:3,1
DA:4,1
DA:6,1
DA:8,1
DA:9,1
DA:11,1
DA:12,1
DA:13,1
DA:14,1
DA:15,1
DA:16,1
DA:17,1
DA:19,1
LF:15
LH:15
BRF:0
BRH:0
end_of_record
TN:
SF:src\routes\suppliers.routes.ts
FNF:0
FNH:0
DA:1,1
DA:2,1
DA:3,1
DA:4,1
DA:6,1
DA:8,1
DA:10,1
DA:11,1
DA:12,1
DA:13,1
DA:14,1
DA:15,1
DA:16,1
DA:18,1
LF:14
LH:14
BRF:0
BRH:0
end_of_record
TN:
SF:src\routes\users.routes.ts
FNF:0
FNH:0
DA:1,1
DA:2,1
DA:3,1
DA:4,1
DA:5,1
DA:7,1
DA:9,1
DA:11,1
DA:12,1
DA:14,1
DA:15,1
DA:16,1
DA:17,1
DA:18,1
DA:20,1
LF:15
LH:15
BRF:0
BRH:0
end_of_record
TN:
SF:src\routes\website.routes.ts
FNF:0
FNH:0
DA:1,1
DA:2,1
DA:3,1
DA:4,1
DA:6,1
DA:8,1
DA:9,1
DA:10,1
DA:11,1
DA:12,1
DA:13,1
DA:15,1
DA:17,1
DA:18,1
DA:19,1
DA:20,1
DA:22,1
LF:17
LH:17
BRF:0
BRH:0
end_of_record
TN:
SF:src\routes\workers.routes.ts
FNF:0
FNH:0
DA:1,1
DA:2,1
DA:3,1
DA:4,1
DA:6,1
DA:8,1
DA:10,1
DA:11,1
DA:12,1
DA:13,1
DA:14,1
DA:15,1
DA:16,1
DA:17,1
DA:19,1
LF:15
LH:15
BRF:0
BRH:0
end_of_record
TN:
SF:src\services\ai.service.ts
FN:32,(anonymous_1)
FN:40,(anonymous_2)
FN:72,(anonymous_3)
FN:105,(anonymous_4)
FN:141,(anonymous_5)
FN:178,(anonymous_6)
FNF:6
FNH:0
FNDA:0,(anonymous_1)
FNDA:0,(anonymous_2)
FNDA:0,(anonymous_3)
FNDA:0,(anonymous_4)
FNDA:0,(anonymous_5)
FNDA:0,(anonymous_6)
DA:1,1
DA:2,1
DA:3,1
DA:30,1
DA:33,0
DA:34,0
DA:35,0
DA:37,0
DA:41,0
DA:43,0
DA:44,0
DA:55,0
DA:56,0
DA:59,0
DA:63,0
DA:65,0
DA:68,0
DA:73,0
DA:75,0
DA:76,0
DA:77,0
DA:91,0
DA:93,0
DA:99,0
DA:100,0
DA:102,0
DA:106,0
DA:107,0
DA:109,0
DA:118,0
DA:119,0
DA:121,0
DA:123,0
DA:125,0
DA:142,0
DA:151,0
DA:152,0
DA:153,0
DA:155,0
DA:156,0
DA:157,0
DA:159,0
DA:161,0
DA:163,0
DA:179,0
DA:180,0
DA:182,0
DA:183,0
DA:185,0
DA:186,0
DA:187,0
DA:189,0
DA:190,0
DA:191,0
DA:193,0
DA:194,0
DA:195,0
DA:197,0
DA:198,0
DA:199,0
DA:202,0
DA:204,0
DA:206,0
DA:221,1
LF:64
LH:5
BRDA:33,0,0,0
BRDA:34,1,0,0
BRDA:41,2,0,0
BRDA:55,3,0,0
BRDA:63,4,0,0
BRDA:63,4,1,0
BRDA:66,5,0,0
BRDA:66,5,1,0
BRDA:75,6,0,0
BRDA:91,7,0,0
BRDA:91,7,1,0
BRDA:94,8,0,0
BRDA:94,8,1,0
BRDA:100,9,0,0
BRDA:107,10,0,0
BRDA:107,10,1,0
BRDA:121,11,0,0
BRDA:121,11,1,0
BRDA:136,12,0,0
BRDA:136,12,1,0
BRDA:137,13,0,0
BRDA:137,13,1,0
BRDA:151,14,0,0
BRDA:151,14,1,0
BRDA:152,15,0,0
BRDA:152,15,1,0
BRDA:155,16,0,0
BRDA:155,16,1,0
BRDA:174,17,0,0
BRDA:174,17,1,0
BRDA:179,18,0,0
BRDA:179,18,1,0
BRDA:185,19,0,0
BRDA:189,20,0,0
BRDA:193,21,0,0
BRDA:194,22,0,0
BRDA:194,22,1,0
BRDA:197,23,0,0
BRDA:197,24,0,0
BRDA:197,24,1,0
BRDA:197,24,2,0
BRDA:210,25,0,0
BRDA:210,25,1,0
BRDA:216,26,0,0
BRDA:216,26,1,0
BRF:45
BRH:0
end_of_record
TN:
SF:src\services\notification.service.ts
FN:16,(anonymous_1)
FN:31,(anonymous_2)
FN:56,(anonymous_3)
FN:94,(anonymous_4)
FN:133,(anonymous_5)
FNF:5
FNH:0
FNDA:0,(anonymous_1)
FNDA:0,(anonymous_2)
FNDA:0,(anonymous_3)
FNDA:0,(anonymous_4)
FNDA:0,(anonymous_5)
DA:1,1
DA:2,1
DA:3,1
DA:14,1
DA:17,0
DA:18,0
DA:20,0
DA:21,0
DA:28,0
DA:32,0
DA:33,0
DA:34,0
DA:35,0
DA:38,0
DA:39,0
DA:45,0
DA:46,0
DA:48,0
DA:52,0
DA:57,0
DA:58,0
DA:59,0
DA:62,0
DA:63,0
DA:64,0
DA:66,0
DA:79,0
DA:80,0
DA:83,0
DA:84,0
DA:86,0
DA:90,0
DA:95,0
DA:96,0
DA:97,0
DA:100,0
DA:101,0
DA:102,0
DA:103,0
DA:105,0
DA:118,0
DA:119,0
DA:122,0
DA:123,0
DA:125,0
DA:129,0
DA:134,0
DA:136,0
DA:138,0
DA:140,0
DA:142,0
DA:144,0
DA:145,0
DA:147,0
DA:152,1
LF:55
LH:5
BRDA:17,0,0,0
BRDA:17,1,0,0
BRDA:17,1,1,0
BRDA:20,2,0,0
BRDA:33,3,0,0
BRDA:49,4,0,0
BRDA:49,4,1,0
BRDA:57,5,0,0
BRDA:57,6,0,0
BRDA:57,6,1,0
BRDA:79,7,0,0
BRDA:87,8,0,0
BRDA:87,8,1,0
BRDA:95,9,0,0
BRDA:95,10,0,0
BRDA:95,10,1,0
BRDA:103,11,0,0
BRDA:103,11,1,0
BRDA:118,12,0,0
BRDA:126,13,0,0
BRDA:126,13,1,0
BRDA:134,14,0,0
BRDA:134,14,1,0
BRDA:136,15,0,0
BRDA:136,15,1,0
BRDA:136,15,2,0
BRDA:136,15,3,0
BRDA:136,15,4,0
BRF:28
BRH:0
end_of_record
TN:
SF:src\services\pdf.service.ts
FN:32,(anonymous_1)
FN:39,(anonymous_2)
FN:43,(anonymous_3)
FN:75,(anonymous_4)
FN:84,(anonymous_5)
FN:122,(anonymous_6)
FN:127,(anonymous_7)
FN:143,(anonymous_8)
FN:166,(anonymous_9)
FN:174,(anonymous_10)
FNF:10
FNH:1
FNDA:1,(anonymous_1)
FNDA:0,(anonymous_2)
FNDA:0,(anonymous_3)
FNDA:0,(anonymous_4)
FNDA:0,(anonymous_5)
FNDA:0,(anonymous_6)
FNDA:0,(anonymous_7)
FNDA:0,(anonymous_8)
FNDA:0,(anonymous_9)
FNDA:0,(anonymous_10)
DA:1,1
DA:2,1
DA:3,1
DA:4,1
DA:5,1
DA:33,1
DA:34,1
DA:35,0
DA:40,0
DA:41,0
DA:43,0
DA:44,0
DA:45,0
DA:47,0
DA:49,0
DA:50,0
DA:51,0
DA:53,0
DA:54,0
DA:55,0
DA:56,0
DA:57,0
DA:59,0
DA:61,0
DA:62,0
DA:63,0
DA:64,0
DA:65,0
DA:66,0
DA:67,0
DA:69,0
DA:70,0
DA:71,0
DA:73,0
DA:74,0
DA:75,0
DA:76,0
DA:77,0
DA:80,0
DA:81,0
DA:83,0
DA:84,0
DA:85,0
DA:86,0
DA:87,0
DA:88,0
DA:89,0
DA:90,0
DA:91,0
DA:92,0
DA:93,0
DA:96,0
DA:97,0
DA:98,0
DA:99,0
DA:103,0
DA:104,0
DA:109,0
DA:110,0
DA:113,0
DA:120,0
DA:122,0
DA:123,0
DA:140,0
DA:141,0
DA:143,0
DA:144,0
DA:145,0
DA:146,0
DA:148,0
DA:149,0
DA:150,0
DA:151,0
DA:152,0
DA:153,0
DA:154,0
DA:155,0
DA:156,0
DA:158,0
DA:166,0
DA:167,0
DA:170,0
DA:171,0
DA:172,0
DA:174,0
DA:175,0
DA:180,1
LF:87
LH:8
BRDA:34,0,0,0
BRDA:56,1,0,0
BRDA:64,2,0,0
BRDA:65,3,0,0
BRDA:66,4,0,0
BRDA:109,5,0,0
BRDA:155,6,0,0
BRF:7
BRH:0
end_of_record
TN:
SF:src\services\report.service.ts
FN:12,(anonymous_1)
FN:19,(anonymous_2)
FN:35,(anonymous_3)
FN:52,(anonymous_4)
FN:68,(anonymous_5)
FN:72,(anonymous_6)
FN:81,(anonymous_7)
FN:88,(anonymous_8)
FN:93,(anonymous_9)
FN:112,(anonymous_10)
FN:119,(anonymous_11)
FN:123,(anonymous_12)
FN:132,(anonymous_13)
FN:139,(anonymous_14)
FN:144,(anonymous_15)
FN:162,(anonymous_16)
FN:169,(anonymous_17)
FN:173,(anonymous_18)
FN:182,(anonymous_19)
FN:193,(anonymous_20)
FN:198,(anonymous_21)
FN:215,(anonymous_22)
FNF:22
FNH:1
FNDA:1,(anonymous_1)
FNDA:0,(anonymous_2)
FNDA:0,(anonymous_3)
FNDA:0,(anonymous_4)
FNDA:0,(anonymous_5)
FNDA:0,(anonymous_6)
FNDA:0,(anonymous_7)
FNDA:0,(anonymous_8)
FNDA:0,(anonymous_9)
FNDA:0,(anonymous_10)
FNDA:0,(anonymous_11)
FNDA:0,(anonymous_12)
FNDA:0,(anonymous_13)
FNDA:0,(anonymous_14)
FNDA:0,(anonymous_15)
FNDA:0,(anonymous_16)
FNDA:0,(anonymous_17)
FNDA:0,(anonymous_18)
FNDA:0,(anonymous_19)
FNDA:0,(anonymous_20)
FNDA:0,(anonymous_21)
FNDA:0,(anonymous_22)
DA:1,1
DA:2,1
DA:3,1
DA:4,1
DA:5,1
DA:6,1
DA:7,1
DA:13,1
DA:14,1
DA:15,0
DA:20,0
DA:28,0
DA:29,0
DA:30,0
DA:32,0
DA:36,0
DA:45,0
DA:46,0
DA:47,0
DA:49,0
DA:53,0
DA:61,0
DA:62,0
DA:63,0
DA:65,0
DA:69,0
DA:70,0
DA:72,0
DA:73,0
DA:74,0
DA:75,0
DA:77,0
DA:78,0
DA:79,0
DA:81,0
DA:82,0
DA:87,0
DA:88,0
DA:89,0
DA:94,0
DA:95,0
DA:97,0
DA:98,0
DA:100,0
DA:112,0
DA:113,0
DA:115,0
DA:116,0
DA:120,0
DA:121,0
DA:123,0
DA:124,0
DA:125,0
DA:126,0
DA:128,0
DA:129,0
DA:130,0
DA:132,0
DA:133,0
DA:138,0
DA:139,0
DA:140,0
DA:145,0
DA:146,0
DA:148,0
DA:149,0
DA:151,0
DA:162,0
DA:163,0
DA:165,0
DA:166,0
DA:170,0
DA:171,0
DA:173,0
DA:174,0
DA:175,0
DA:176,0
DA:178,0
DA:179,0
DA:181,0
DA:182,0
DA:183,0
DA:184,0
DA:185,0
DA:190,0
DA:191,0
DA:192,0
DA:193,0
DA:194,0
DA:199,0
DA:200,0
DA:202,0
DA:203,0
DA:205,0
DA:215,0
DA:216,0
DA:218,0
DA:219,0
DA:223,1
LF:99
LH:10
BRDA:14,0,0,0
BRDA:19,1,0,0
BRDA:29,2,0,0
BRDA:35,3,0,0
BRDA:46,4,0,0
BRDA:52,5,0,0
BRDA:62,6,0,0
BRDA:186,7,0,0
BRDA:186,7,1,0
BRF:9
BRH:0
end_of_record
TN:
SF:src\types\index.ts
FN:161,(anonymous_0)
FNF:1
FNH:1
FNDA:7,(anonymous_0)
DA:157,1
DA:162,7
DA:163,7
DA:164,7
DA:165,7
LF:5
LH:5
BRDA:161,0,0,0
BRDA:161,1,0,7
BRF:2
BRH:1
end_of_record
TN:
SF:src\utils\helpers.ts
FN:15,generateCode
FN:21,generateSku
FN:26,parsePagination
FN:36,buildPaginatedResponse
FN:52,calculateGST
FN:58,calculateQuotation
FN:101,hashToken
FN:105,sanitizeUser
FN:110,pickDefined
FN:112,(anonymous_10)
FN:116,formatCurrency
FNF:11
FNH:0
FNDA:0,generateCode
FNDA:0,generateSku
FNDA:0,parsePagination
FNDA:0,buildPaginatedResponse
FNDA:0,calculateGST
FNDA:0,calculateQuotation
FNDA:0,hashToken
FNDA:0,sanitizeUser
FNDA:0,pickDefined
FNDA:0,(anonymous_10)
FNDA:0,formatCurrency
DA:1,1
DA:4,1
DA:15,1
DA:16,0
DA:17,0
DA:18,0
DA:21,1
DA:22,0
DA:23,0
DA:26,1
DA:30,0
DA:31,0
DA:32,0
DA:33,0
DA:36,1
DA:41,0
DA:52,1
DA:53,0
DA:54,0
DA:55,0
DA:58,1
DA:59,0
DA:60,0
DA:62,0
DA:71,0
DA:80,0
DA:81,0
DA:82,0
DA:83,0
DA:85,0
DA:86,0
DA:87,0
DA:88,0
DA:90,0
DA:101,1
DA:102,0
DA:105,1
DA:106,0
DA:107,0
DA:110,1
DA:111,0
DA:112,0
DA:116,1
DA:117,0
LF:44
LH:12
BRDA:30,0,0,0
BRDA:30,0,1,0
BRDA:30,1,0,0
BRDA:30,1,1,0
BRDA:31,2,0,0
BRDA:31,2,1,0
BRDA:31,3,0,0
BRDA:31,3,1,0
BRDA:47,4,0,0
BRDA:47,4,1,0
BRDA:52,5,0,0
BRDA:59,6,0,0
BRDA:59,6,1,0
BRDA:60,7,0,0
BRDA:60,7,1,0
BRDA:80,8,0,0
BRDA:80,8,1,0
BRDA:80,9,0,0
BRDA:80,9,1,0
BRDA:81,10,0,0
BRDA:81,10,1,0
BRDA:81,11,0,0
BRDA:81,11,1,0
BRDA:82,12,0,0
BRDA:82,12,1,0
BRDA:83,13,0,0
BRDA:83,13,1,0
BRF:27
BRH:0
end_of_record
TN:
SF:src\utils\logger.ts
FN:6,(anonymous_1)
FNF:1
FNH:1
FNDA:4,(anonymous_1)
DA:1,1
DA:2,1
DA:4,1
DA:6,1
DA:7,4
DA:8,4
DA:11,1
LF:7
LH:7
BRDA:7,0,0,4
BRDA:7,0,1,0
BRDA:8,1,0,4
BRDA:8,1,1,2
BRDA:12,2,0,0
BRDA:12,2,1,1
BRF:6
BRH:4
end_of_record
